================================================================
======== Log Rotated - 5/23/2025, 12:00:00 AM                   
================================================================
[      script:qb-core] [qb-core:LOG] informeduser PLAYER SAVED!
[      script:qb-core] [qb-core:LOG] TheGlurpLord PLAYER SAVED!
[      script:qb-core] [qb-core:LOG] animefreak244 PLAYER SAVED!
[      script:qb-core] [qb-core:LOG] informeduser PLAYER SAVED!
[      script:qb-core] [qb-core:LOG] TheGlurpLord PLAYER SAVED!
[      script:qb-core] [qb-core:LOG] animefreak244 PLAYER SAVED!
[      script:qb-core] [qb-core:LOG] informeduser PLAYER SAVED!
[      script:qb-core] [qb-core:LOG] TheGlurpLord PLAYER SAVED!
[      script:qb-core] [qb-core:LOG] animefreak244 PLAYER SAVED!
[      script:qb-core] [qb-core:LOG] informeduser PLAYER SAVED!
[      script:qb-core] [qb-core:LOG] TheGlurpLord PLAYER SAVED!
[      script:qb-core] [qb-core:LOG] animefreak244 PLAYER SAVED!
[      script:qb-core] [qb-core:LOG] informeduser PLAYER SAVED!
[      script:qb-core] [qb-core:LOG] TheGlurpLord PLAYER SAVED!
[      script:qb-core] [qb-core:LOG] animefreak244 PLAYER SAVED!
[      script:qb-core] [qb-core:LOG] informeduser PLAYER SAVED!
[      script:qb-core] [qb-core:LOG] TheGlurpLord PLAYER SAVED!
[      script:qb-core] [qb-core:LOG] animefreak244 PLAYER SAVED!
[      script:qb-core] [qb-core:LOG] informeduser PLAYER SAVED!
║             TXADMIN║ txaEvent "serverShuttingDown" "{\"delay\":5000,\"author\":\"fuckthree6\",\"message\":\"Server shutting down (admin request).\"}"
[      script:monitor] [txAdmin] Server shutting down. Kicking all players.
[      script:qb-core] [qb-core:LOG] TheGlurpLord PLAYER SAVED!
[      script:qb-core] [qb-core:LOG] animefreak244 PLAYER SAVED!
