================================================================
======== Log Rotated - 5/22/2025, 12:00:00 AM                   
================================================================
[12:10:00 AM] [Ma6VH#1] Three6: died from suicide (Falling)
[12:26:39 AM] [Ma6VH#1] Three6: died from suicide (Ranover by Vehicle)
[12:29:48 AM] [Ma6VH#1] Three6: died from suicide (Falling)
[12:31:11 AM] [Ma6VH#1] Three6: caused an explosion (PLANE)
[12:31:11 AM] [Ma6VH#1] Three6: died from suicide (Explosion)
[12:32:44 AM] [Ma6VH#1] Three6: caused an explosion (BLIMP2)
[12:32:44 AM] [Ma6VH#1] Three6: caused an explosion (BLIMP2)
[12:32:44 AM] [Ma6VH#1] Three6: caused an explosion (BLIMP2)
[12:32:44 AM] [Ma6VH#1] Three6: caused an explosion (BLIMP2)
[12:35:24 AM] [Ma6VH#1] Three6: died from suicide (Falling)
[12:37:10 AM] [Ma6VH#1] Three6: caused an explosion (TORPEDO)
[12:44:29 AM] [Ma6VH#1] Three6: disconnected (Exiting)
[9:49:54 AM] txAdmin: Logger started
[9:59:58 AM] txAdmin: Logger started
[11:52:41 AM] [gxHFw#1] Three6: joined with identifiers [license:3a7f…9790, xbl:2533…7941, live:8444…7745, fivem:16923466, license2:9a6f…1b8e]
[11:54:38 AM] [gxHFw#1] Three6: died from suicide (Falling)
[12:54:03 PM] [gxHFw#2] Aziz Carter: joined with identifiers [license:7445…15fd, discord:4579…1483, fivem:7185709, license2:7445…15fd]
[12:55:36 PM] [gxHFw#1] Three6: died from Fist by Aziz Carter
[12:55:46 PM] [gxHFw#2] Aziz Carter: disconnected (Exiting)
[1:33:08 PM] txAdmin: Logger started
[1:33:27 PM] [htBVL#1] Three6: joined with identifiers [license:3a7f…9790, xbl:2533…7941, live:8444…7745, discord:5585…4906, fivem:16923466, license2:9a6f…1b8e]
[1:39:35 PM] txAdmin: Logger started
[1:40:27 PM] [tVFbz#1] Three6: joined with identifiers [license:3a7f…9790, xbl:2533…7941, live:8444…7745, discord:5585…4906, fivem:16923466, license2:9a6f…1b8e]
[2:15:47 PM] txAdmin: Logger started
[2:17:51 PM] [6DMPb#1] Three6: joined with identifiers [license:3a7f…9790, xbl:2533…7941, live:8444…7745, discord:5585…4906, fivem:16923466, license2:9a6f…1b8e]
[2:53:21 PM] [6DMPb#2] bogal: joined with identifiers [license:a987…ee9e, xbl:2535…2942, live:1055…5772, fivem:16261447, license2:de44…c2f7]
[2:54:34 PM] [6DMPb#1] Three6: died from suicide (Falling)
[2:59:51 PM] [6DMPb#2] bogal: disconnected (Server->client connection timed out. Last seen 45629 msec ago.)
[5:53:31 PM] [6DMPb#3] TheGlurpLord: joined with identifiers [license:eb0c…7427, xbl:2533…2506, live:8444…2679, discord:9896…9538, fivem:16924493, license2:eb0c…7427]
[6:09:05 PM] [6DMPb#1] Three6: disconnected (Server->client connection timed out. Last seen 80 msec ago.)
[6:10:08 PM] [6DMPb#4] animefreak244: joined with identifiers [license:3a7f…9790, xbl:2533…7941, live:8444…7745, discord:5585…4906, fivem:16923466, license2:9a6f…1b8e]
[6:11:25 PM] [6DMPb#3] TheGlurpLord: disconnected (Exiting)
[6:32:02 PM] [6DMPb#5] TheGlurpLord: joined with identifiers [license:eb0c…7427, xbl:2533…2506, live:8444…2679, discord:9896…9538, fivem:16924493, license2:eb0c…7427]
[6:39:15 PM] [6DMPb#6] informeduser: joined with identifiers [license:a4d2…2c10, xbl:2535…1522, live:1759…9608, fivem:16311306, license2:e506…e68d]
[6:40:14 PM] [6DMPb#6] informeduser: said "yo"
[6:56:35 PM] [6DMPb#6] informeduser: disconnected (Server->client connection timed out. Last seen 48823 msec ago.)
[7:15:58 PM] [6DMPb#4] animefreak244: said "admin"
[7:30:39 PM] [6DMPb#4] animefreak244: disconnected (Game crashed: Assertion failure: productId != ProductID::INVALID)
[8:19:50 PM] [6DMPb#7] animefreak244: joined with identifiers [license:3a7f…9790, xbl:2533…7941, live:8444…7745, discord:5585…4906, fivem:16923466, license2:9a6f…1b8e]
[8:26:12 PM] [6DMPb#7] animefreak244: disconnected (Exiting)
================================================================
======== txAdmin v8.0.1 atop fxserver 15315 Starting - 5/22/2025, 9:06:52 PM
================================================================
[9:07:03 PM] txAdmin: Logger started
[9:07:36 PM] [tpkCT#1] Three6: joined with identifiers [license:3a7f…9790, xbl:2533…7941, live:8444…7745, discord:5585…4906, fivem:16923466, license2:9a6f…1b8e]
[9:08:42 PM] [tpkCT#1] Three6: disconnected (Game crashed: DirectX encountered an unrecoverable error: DXGI_ERROR_DEVICE_REMOVED - The GPU device instance has been suspended. Use GetDeviceRemovedReason to determine the appropriate action.)
[9:09:36 PM] [tpkCT#2] Three6: joined with identifiers [license:3a7f…9790, xbl:2533…7941, live:8444…7745, discord:5585…4906, fivem:16923466, license2:9a6f…1b8e]
[9:12:17 PM] [tpkCT#2] Three6: disconnected (Exiting)
================================================================
======== txAdmin v8.0.1 atop fxserver 15315 Starting - 5/22/2025, 11:13:06 PM
================================================================
[11:13:17 PM] txAdmin: Logger started
[11:13:54 PM] [jegB6#1] animefreak244: joined with identifiers [license:3a7f…9790, xbl:2533…7941, live:8444…7745, discord:5585…4906, fivem:16923466, license2:9a6f…1b8e]
[11:15:42 PM] [jegB6#1] animefreak244: died from suicide (Falling)
[11:23:24 PM] [jegB6#2] TheGlurpLord: joined with identifiers [license:eb0c…7427, xbl:2533…2506, live:8444…2679, discord:9896…9538, fivem:16924493, license2:eb0c…7427]
[11:24:11 PM] [jegB6#1] animefreak244: said "T/ADMIN"
[11:26:58 PM] [jegB6#1] animefreak244: disconnected (Game crashed: DirectX encountered an unrecoverable error: DXGI_ERROR_DEVICE_REMOVED - The GPU device instance has been suspended. Use GetDeviceRemovedReason to determine the appropriate action.)
[11:29:43 PM] [jegB6#3] animefreak244: joined with identifiers [license:3a7f…9790, xbl:2533…7941, live:8444…7745, discord:5585…4906, fivem:16923466, license2:9a6f…1b8e]
[11:31:37 PM] [jegB6#3] animefreak244: died from suicide (Falling)
[11:32:05 PM] [jegB6#3] animefreak244: died from suicide (Falling)
[11:32:33 PM] [jegB6#2] TheGlurpLord: became mortal (standard mode)
[11:32:50 PM] [jegB6#2] TheGlurpLord: became mortal (standard mode)
[11:32:53 PM] [jegB6#2] TheGlurpLord: became mortal (standard mode)
[11:32:57 PM] [jegB6#2] TheGlurpLord: said "/adm"
[11:34:11 PM] [jegB6#2] TheGlurpLord: became mortal (standard mode)
[11:34:49 PM] [jegB6#3] animefreak244: died from suicide (Falling)
[11:35:54 PM] [jegB6#3] animefreak244: died from suicide (Ranover by Vehicle)
[11:35:59 PM] [jegB6#3] animefreak244: caused an explosion (PLANE)
[11:35:59 PM] [jegB6#3] animefreak244: caused an explosion (PLANE)
[11:37:07 PM] [jegB6#4] informeduser: joined with identifiers [license:a4d2…2c10, xbl:2535…1522, live:1759…9608, fivem:16311306, license2:e506…e68d]
[11:37:43 PM] [jegB6#2] TheGlurpLord: died from suicide (Falling)
[11:38:24 PM] [jegB6#3] animefreak244: disconnected (Game crashed: DirectX encountered an unrecoverable error: DXGI_ERROR_DEVICE_REMOVED - The GPU device instance has been suspended. Use GetDeviceRemovedReason to determine the appropriate action.)
[11:39:01 PM] [jegB6#4] informeduser: said "admin,"
[11:39:04 PM] [jegB6#4] informeduser: said "admin"
[11:39:35 PM] [jegB6#5] animefreak244: joined with identifiers [license:3a7f…9790, xbl:2533…7941, live:8444…7745, discord:5585…4906, fivem:16923466, license2:9a6f…1b8e]
[11:40:42 PM] [jegB6#5] animefreak244: disconnected (Game crashed: DirectX encountered an unrecoverable error: DXGI_ERROR_DEVICE_REMOVED - The GPU device instance has been suspended. Use GetDeviceRemovedReason to determine the appropriate action.)
[11:43:29 PM] [jegB6#6] animefreak244: joined with identifiers [license:3a7f…9790, xbl:2533…7941, live:8444…7745, discord:5585…4906, fivem:16923466, license2:9a6f…1b8e]
[11:43:34 PM] [jegB6#4] informeduser: died from suicide (Falling)
[11:43:37 PM] [jegB6#2] TheGlurpLord: died from suicide (Falling)
[11:44:37 PM] [jegB6#2] TheGlurpLord: died from suicide (Falling)
[11:50:06 PM] [jegB6#4] informeduser: said "/admins"
[11:54:16 PM] [jegB6#4] informeduser: died from suicide (Drowned)
