================================================================
======== txAdmin v8.0.1 atop fxserver 15315 Starting - 5/21/2025, 1:03:53 PM
================================================================
[1:10:07 PM] txAdmin: Logger started
[1:17:01 PM] [d8WxR#1] Three6: joined with identifiers [license:3a7f…9790, xbl:2533…7941, live:8444…7745, discord:5585…4906, fivem:16923466, license2:9a6f…1b8e]
[1:46:09 PM] [d8WxR#2] informeduser: joined with identifiers [license:a4d2…2c10, xbl:2535…1522, live:1759…9608, discord:3083…3568, fivem:16311306, license2:e506…e68d]
[1:58:50 PM] [d8WxR#1] Three6: died from suicide
[2:38:29 PM] [d8WxR#2] informeduser: died from suicide (Falling)
[3:41:26 PM] [d8WxR#3] TheGlurpLord: joined with identifiers [license:eb0c…7427, xbl:2533…2506, live:8444…2679, discord:9896…9538, fivem:16924493, license2:eb0c…7427]
[3:50:26 PM] [d8WxR#3] TheGlurpLord: said "spawn car"
[4:02:06 PM] [d8WxR#3] TheGlurpLord: disconnected (Disconnected.)
[4:12:00 PM] [d8WxR#1] Three6: died from suicide
[4:12:08 PM] [d8WxR#1] Three6: said "admin"
[4:51:53 PM] [d8WxR#4] TheGlurpLord: joined with identifiers [license:eb0c…7427, xbl:2533…2506, live:8444…2679, discord:9896…9538, fivem:16924493, license2:eb0c…7427]
[4:54:07 PM] [d8WxR#4] TheGlurpLord: triggered drunk effect on [#2] informeduser
[4:55:53 PM] [d8WxR#4] TheGlurpLord: teleported to player [#2] informeduser (x=287.868, y=-914.585, z=29.162)
[4:56:03 PM] [d8WxR#2] informeduser: died from Fist by Three6
[5:09:38 PM] [d8WxR#1] Three6: died from suicide
[5:09:38 PM] [d8WxR#4] TheGlurpLord: died from suicide (Falling)
[5:09:56 PM] [d8WxR#4] TheGlurpLord: healed themself
[5:11:23 PM] [d8WxR#1] Three6: died from suicide
[5:12:21 PM] [d8WxR#1] Three6: died from suicide
[5:13:23 PM] [d8WxR#4] TheGlurpLord: died from suicide (Falling)
[5:13:42 PM] [d8WxR#4] TheGlurpLord: healed themself
[5:13:44 PM] [d8WxR#4] TheGlurpLord: healed all players!
[5:14:19 PM] [d8WxR#4] TheGlurpLord: spawned a vehicle (model: zentorno)
[5:14:56 PM] [d8WxR#4] TheGlurpLord: spawned a vehicle (model: zentorno)
[5:15:21 PM] [d8WxR#4] TheGlurpLord: died from suicide (Falling)
[5:15:22 PM] [d8WxR#1] Three6: died from suicide
[5:15:29 PM] [d8WxR#4] TheGlurpLord: healed all players!
[5:22:17 PM] [d8WxR#4] TheGlurpLord: died from suicide (Falling)
[5:22:36 PM] [d8WxR#4] TheGlurpLord: healed themself
[5:23:06 PM] [d8WxR#4] TheGlurpLord: died from suicide (Falling)
[5:23:12 PM] [d8WxR#4] TheGlurpLord: healed themself
[5:27:49 PM] [d8WxR#1] Three6: died from suicide
[5:30:33 PM] [d8WxR#1] Three6: died from suicide
[7:13:23 PM] [d8WxR#2] informeduser: died from suicide (Falling)
[8:57:31 PM] [d8WxR#4] TheGlurpLord: died from suicide (Falling)
[9:04:52 PM] [d8WxR#4] TheGlurpLord: died from suicide (Falling)
[9:06:13 PM] [d8WxR#4] TheGlurpLord: died from suicide (Falling)
[9:11:26 PM] [d8WxR#4] TheGlurpLord: caused an explosion (PLANE)
[9:11:26 PM] [d8WxR#4] TheGlurpLord: caused an explosion (PLANE)
[9:12:56 PM] [d8WxR#2] informeduser: disconnected (Server->client connection timed out. Last seen 31180 msec ago.)
[9:13:20 PM] [d8WxR#4] TheGlurpLord: disconnected (Exiting)
[9:16:20 PM] [d8WxR#5] TheGlurpLord: joined with identifiers [license:eb0c…7427, xbl:2533…2506, live:8444…2679, discord:9896…9538, fivem:16924493, license2:eb0c…7427]
[9:26:41 PM] txAdmin: Logger started
[9:27:01 PM] [JGpjD#1] Three6: joined with identifiers [license:3a7f…9790, xbl:2533…7941, live:8444…7745, discord:5585…4906, fivem:16923466, license2:9a6f…1b8e]
[9:28:47 PM] [JGpjD#2] TheGlurpLord: joined with identifiers [license:eb0c…7427, xbl:2533…2506, live:8444…2679, discord:9896…9538, fivem:16924493, license2:eb0c…7427]
[9:33:03 PM] [JGpjD#2] TheGlurpLord: disconnected (Disconnected.)
[9:33:35 PM] txAdmin: Logger started
[9:34:10 PM] txAdmin: Logger started
[9:34:40 PM] [QiNyA#1] Three6: joined with identifiers [license:3a7f…9790, xbl:2533…7941, live:8444…7745, discord:5585…4906, fivem:16923466, license2:9a6f…1b8e]
[9:34:40 PM] [QiNyA#2] TheGlurpLord: joined with identifiers [license:eb0c…7427, xbl:2533…2506, live:8444…2679, discord:9896…9538, fivem:16924493, license2:eb0c…7427]
[9:51:46 PM] [QiNyA#1] Three6: disconnected (Exiting)
================================================================
======== txAdmin v8.0.1 atop fxserver 15315 Starting - 5/21/2025, 9:55:11 PM
================================================================
[9:55:22 PM] txAdmin: Logger started
[9:56:09 PM] [yN7Y6#1] Three6: joined with identifiers [license:3a7f…9790, xbl:2533…7941, live:8444…7745, discord:5585…4906, fivem:16923466, license2:9a6f…1b8e]
[10:01:29 PM] [yN7Y6#2] TheGlurpLord: joined with identifiers [license:eb0c…7427, xbl:2533…2506, live:8444…2679, discord:9896…9538, fivem:16924493, license2:eb0c…7427]
[10:06:23 PM] [yN7Y6#2] TheGlurpLord: disconnected (Disconnected.)
[10:06:46 PM] [yN7Y6#3] TheGlurpLord: joined with identifiers [license:eb0c…7427, xbl:2533…2506, live:8444…2679, discord:9896…9538, fivem:16924493, license2:eb0c…7427]
[10:20:50 PM] [yN7Y6#1] Three6: disconnected (Exiting)
================================================================
======== txAdmin v8.0.1 atop fxserver 15315 Starting - 5/21/2025, 10:23:32 PM
================================================================
[10:23:43 PM] txAdmin: Logger started
================================================================
======== txAdmin v8.0.1 atop fxserver 15315 Starting - 5/21/2025, 10:57:41 PM
================================================================
[10:57:56 PM] txAdmin: Logger started
[10:58:24 PM] [Ma6VH#1] Three6: joined with identifiers [license:3a7f…9790, xbl:2533…7941, live:8444…7745, discord:5585…4906, fivem:16923466, license2:9a6f…1b8e]
[11:00:05 PM] [Ma6VH#2] TheGlurpLord: joined with identifiers [license:eb0c…7427, xbl:2533…2506, live:8444…2679, discord:9896…9538, fivem:16924493, license2:eb0c…7427]
[11:06:12 PM] [Ma6VH#2] TheGlurpLord: disconnected (Exiting)
